<?xml version="1.0" encoding="utf-8"?><testsuites name="pytest tests"><testsuite name="pytest" errors="0" failures="0" skipped="0" tests="10" time="4.624" timestamp="2026-03-31T03:47:21.532588+00:00" hostname="agent-env-f1dab359-3755-4539-a204-c79cdfbe80eb"><testcase classname="tests.test_public_playlists.TestPublicPlaylistEndpoints" name="test_get_public_playlist_without_auth" time="0.197" /><testcase classname="tests.test_public_playlists.TestPublicPlaylistEndpoints" name="test_get_public_playlist_items_without_auth" time="0.174" /><testcase classname="tests.test_public_playlists.TestPublicPlaylistEndpoints" name="test_get_nonexistent_public_playlist_returns_404" time="0.145" /><testcase classname="tests.test_public_playlists.TestPublicPlaylistEndpoints" name="test_get_nonexistent_public_playlist_items_returns_404" time="0.152" /><testcase classname="tests.test_public_playlists.TestPlaylistDownload" name="test_download_spotify_only_playlist_returns_400" time="0.460" /><testcase classname="tests.test_public_playlists.TestPlaylistDownload" name="test_download_requires_auth" time="0.165" /><testcase classname="tests.test_public_playlists.TestSpotifySearchRegression" name="test_spotify_search_still_works" time="1.289" /><testcase classname="tests.test_public_playlists.TestPlaylistItemsRegression" name="test_create_playlist_and_add_spotify_item" time="0.594" /><testcase classname="tests.test_public_playlists.TestAuthenticatedPlaylistAccess" name="test_get_playlist_with_auth" time="0.946" /><testcase classname="tests.test_public_playlists.TestAuthenticatedPlaylistAccess" name="test_get_playlist_items_with_auth" time="0.419" /></testsuite></testsuites>