<?xml version="1.0" encoding="utf-8"?><testsuites name="pytest tests"><testsuite name="pytest" errors="0" failures="0" skipped="0" tests="11" time="1.967" timestamp="2026-03-31T11:36:52.351654+00:00" hostname="agent-env-f1dab359-3755-4539-a204-c79cdfbe80eb"><testcase classname="backend.tests.test_spotify_transfer.TestHealthAndAuth" name="test_health_endpoint" time="0.138" /><testcase classname="backend.tests.test_spotify_transfer.TestHealthAndAuth" name="test_login_success" time="0.324" /><testcase classname="backend.tests.test_spotify_transfer.TestSpotifyToken" name="test_spotify_token_endpoint" time="0.422" /><testcase classname="backend.tests.test_spotify_transfer.TestSpotifyToken" name="test_spotify_token_requires_auth" time="0.101" /><testcase classname="backend.tests.test_spotify_transfer.TestSpotifyTransfer" name="test_transfer_endpoint_exists" time="0.049" /><testcase classname="backend.tests.test_spotify_transfer.TestSpotifyTransfer" name="test_transfer_validates_device_id" time="0.049" /><testcase classname="backend.tests.test_spotify_transfer.TestSpotifyTransfer" name="test_transfer_with_device_id" time="0.048" /><testcase classname="backend.tests.test_spotify_transfer.TestSpotifyTransfer" name="test_transfer_requires_auth" time="0.116" /><testcase classname="backend.tests.test_spotify_transfer.TestSpotifyAuthUrl" name="test_spotify_auth_url_endpoint" time="0.047" /><testcase classname="backend.tests.test_spotify_transfer.TestSpotifySearch" name="test_spotify_search" time="0.547" /><testcase classname="backend.tests.test_spotify_transfer.TestPlaylists" name="test_get_my_playlists" time="0.053" /></testsuite></testsuites>