<?xml version="1.0" encoding="utf-8"?><testsuites name="pytest tests"><testsuite name="pytest" errors="0" failures="0" skipped="0" tests="9" time="4.562" timestamp="2026-03-31T14:28:07.455191+00:00" hostname="agent-env-f1dab359-3755-4539-a204-c79cdfbe80eb"><testcase classname="backend.tests.test_iteration14_features.TestHealthAndAuth" name="test_health_check" time="0.166" /><testcase classname="backend.tests.test_iteration14_features.TestHealthAndAuth" name="test_login_admin" time="0.335" /><testcase classname="backend.tests.test_iteration14_features.TestClassSessions" name="test_get_class_sessions" time="0.537" /><testcase classname="backend.tests.test_iteration14_features.TestClassSessions" name="test_rename_class_session_via_put" time="0.627" /><testcase classname="backend.tests.test_iteration14_features.TestClassSessions" name="test_create_and_delete_class_session" time="0.595" /><testcase classname="backend.tests.test_iteration14_features.TestMixes" name="test_get_mixes" time="0.452" /><testcase classname="backend.tests.test_iteration14_features.TestSpotifyEndpoints" name="test_spotify_token_endpoint" time="0.473" /><testcase classname="backend.tests.test_iteration14_features.TestSpotifyEndpoints" name="test_spotify_auth_url" time="0.443" /><testcase classname="backend.tests.test_iteration14_features.TestSpotifyEndpoints" name="test_spotify_search" time="0.853" /></testsuite></testsuites>