<?xml version="1.0" encoding="utf-8"?><testsuites name="pytest tests"><testsuite name="pytest" errors="0" failures="0" skipped="0" tests="12" time="5.295" timestamp="2026-03-31T18:09:59.649653+00:00" hostname="agent-env-f1dab359-3755-4539-a204-c79cdfbe80eb"><testcase classname="backend.tests.test_iteration20_spotify_fixes.TestHealthAndAuth" name="test_health_endpoint" time="0.155" /><testcase classname="backend.tests.test_iteration20_spotify_fixes.TestHealthAndAuth" name="test_login_success" time="0.367" /><testcase classname="backend.tests.test_iteration20_spotify_fixes.TestHealthAndAuth" name="test_login_invalid_credentials" time="0.140" /><testcase classname="backend.tests.test_iteration20_spotify_fixes.TestSpotifyPlayEndpoint" name="test_spotify_play_endpoint_exists" time="0.532" /><testcase classname="backend.tests.test_iteration20_spotify_fixes.TestSpotifyPlayEndpoint" name="test_spotify_play_requires_uri" time="0.466" /><testcase classname="backend.tests.test_iteration20_spotify_fixes.TestSpotifyPlayEndpoint" name="test_spotify_play_returns_401_for_unconnected_user" time="0.494" /><testcase classname="backend.tests.test_iteration20_spotify_fixes.TestPlaylistDeduplication" name="test_get_my_playlists" time="0.467" /><testcase classname="backend.tests.test_iteration20_spotify_fixes.TestPlaylistDeduplication" name="test_no_duplicate_playlists" time="0.460" /><testcase classname="backend.tests.test_iteration20_spotify_fixes.TestPlaylistDeduplication" name="test_playlist_detail_has_items" time="0.640" /><testcase classname="backend.tests.test_iteration20_spotify_fixes.TestSpotifyTransferEndpoint" name="test_spotify_transfer_requires_device_id" time="0.460" /><testcase classname="backend.tests.test_iteration20_spotify_fixes.TestSpotifyTransferEndpoint" name="test_spotify_transfer_returns_401_for_unconnected_user" time="0.465" /><testcase classname="backend.tests.test_iteration20_spotify_fixes.TestPlaylistItems" name="test_playlist_items_endpoint" time="0.576" /></testsuite></testsuites>