<?xml version="1.0" encoding="utf-8"?><testsuites name="pytest tests"><testsuite name="pytest" errors="0" failures="0" skipped="0" tests="13" time="5.844" timestamp="2026-03-31T17:20:51.091165+00:00" hostname="agent-env-f1dab359-3755-4539-a204-c79cdfbe80eb"><testcase classname="backend.tests.test_iteration16_features.TestHealthAndAuth" name="test_health_check" time="0.209" /><testcase classname="backend.tests.test_iteration16_features.TestHealthAndAuth" name="test_login_success" time="0.384" /><testcase classname="backend.tests.test_iteration16_features.TestHealthAndAuth" name="test_login_invalid_credentials" time="0.185" /><testcase classname="backend.tests.test_iteration16_features.TestSpotifyEndpoints" name="test_spotify_playlists_returns_401_when_not_connected" time="0.404" /><testcase classname="backend.tests.test_iteration16_features.TestSpotifyEndpoints" name="test_spotify_import_returns_401_when_not_connected" time="0.469" /><testcase classname="backend.tests.test_iteration16_features.TestSpotifyEndpoints" name="test_spotify_search_works" time="0.802" /><testcase classname="backend.tests.test_iteration16_features.TestClassSessions" name="test_get_class_sessions" time="0.397" /><testcase classname="backend.tests.test_iteration16_features.TestClassSessions" name="test_create_class_session" time="0.426" /><testcase classname="backend.tests.test_iteration16_features.TestClassSessions" name="test_update_class_session" time="0.594" /><testcase classname="backend.tests.test_iteration16_features.TestClassSessions" name="test_delete_class_session" time="0.571" /><testcase classname="backend.tests.test_iteration16_features.TestMixesAndAlbums" name="test_get_mixes" time="0.447" /><testcase classname="backend.tests.test_iteration16_features.TestMixesAndAlbums" name="test_get_albums" time="0.416" /><testcase classname="backend.tests.test_iteration16_features.TestCleanup" name="test_cleanup_test_sessions" time="0.463" /></testsuite></testsuites>