<?xml version="1.0" encoding="utf-8"?><testsuites name="pytest tests"><testsuite name="pytest" errors="0" failures="0" skipped="0" tests="15" time="11.609" timestamp="2026-03-31T04:18:16.280695+00:00" hostname="agent-env-f1dab359-3755-4539-a204-c79cdfbe80eb"><testcase classname="backend.tests.test_iteration9_features.TestAuthProfile" name="test_get_profile_returns_user_info" time="2.594" /><testcase classname="backend.tests.test_iteration9_features.TestAuthProfile" name="test_update_profile_name" time="0.485" /><testcase classname="backend.tests.test_iteration9_features.TestAuthProfile" name="test_update_profile_empty_name_fails" time="0.393" /><testcase classname="backend.tests.test_iteration9_features.TestAuthProfile" name="test_profile_requires_auth" time="0.505" /><testcase classname="backend.tests.test_iteration9_features.TestClassSessions" name="test_create_class_session" time="0.496" /><testcase classname="backend.tests.test_iteration9_features.TestClassSessions" name="test_list_class_sessions" time="0.498" /><testcase classname="backend.tests.test_iteration9_features.TestClassSessions" name="test_get_class_session_detail" time="0.465" /><testcase classname="backend.tests.test_iteration9_features.TestClassSessions" name="test_update_class_session" time="0.836" /><testcase classname="backend.tests.test_iteration9_features.TestClassSessions" name="test_delete_class_session" time="0.534" /><testcase classname="backend.tests.test_iteration9_features.TestClassSessions" name="test_class_session_requires_auth" time="0.427" /><testcase classname="backend.tests.test_iteration9_features.TestInstructorAccess" name="test_instructor_can_access_songs" time="0.748" /><testcase classname="backend.tests.test_iteration9_features.TestInstructorAccess" name="test_instructor_can_search_spotify" time="1.212" /><testcase classname="backend.tests.test_iteration9_features.TestInstructorAccess" name="test_instructor_can_access_profile" time="0.744" /><testcase classname="backend.tests.test_iteration9_features.TestInstructorAccess" name="test_instructor_can_create_class_session" time="0.793" /><testcase classname="backend.tests.test_iteration9_features.TestSpotifySearchRegression" name="test_spotify_search_works" time="0.746" /></testsuite></testsuites>