<?xml version="1.0" encoding="utf-8"?><testsuites name="pytest tests"><testsuite name="pytest" errors="0" failures="0" skipped="0" tests="13" time="7.925" timestamp="2026-03-31T16:58:54.985736+00:00" hostname="agent-env-f1dab359-3755-4539-a204-c79cdfbe80eb"><testcase classname="backend.tests.test_iteration15_audio_cache.TestHealthAndAuth" name="test_health_endpoint" time="0.179" /><testcase classname="backend.tests.test_iteration15_audio_cache.TestHealthAndAuth" name="test_login_success" time="0.372" /><testcase classname="backend.tests.test_iteration15_audio_cache.TestAudioCacheFeatures" name="test_audio_endpoint_returns_audio" time="0.934" /><testcase classname="backend.tests.test_iteration15_audio_cache.TestAudioCacheFeatures" name="test_audio_has_cache_control_header" time="0.888" /><testcase classname="backend.tests.test_iteration15_audio_cache.TestAudioCacheFeatures" name="test_audio_has_accept_ranges_header" time="1.253" /><testcase classname="backend.tests.test_iteration15_audio_cache.TestAudioCacheFeatures" name="test_range_request_returns_206" time="0.497" /><testcase classname="backend.tests.test_iteration15_audio_cache.TestAudioCacheFeatures" name="test_range_request_middle_of_file" time="0.446" /><testcase classname="backend.tests.test_iteration15_audio_cache.TestAudioCacheFeatures" name="test_disk_cache_performance" time="1.494" /><testcase classname="backend.tests.test_iteration15_audio_cache.TestPreloadEndpoint" name="test_preload_endpoint_exists" time="0.477" /><testcase classname="backend.tests.test_iteration15_audio_cache.TestPreloadEndpoint" name="test_preload_with_empty_list" time="0.409" /><testcase classname="backend.tests.test_iteration15_audio_cache.TestPreloadEndpoint" name="test_preload_requires_auth" time="0.106" /><testcase classname="backend.tests.test_iteration15_audio_cache.TestPreloadEndpoint" name="test_preload_invalid_mix_ids" time="0.390" /><testcase classname="backend.tests.test_iteration15_audio_cache.TestMixesEndpoint" name="test_get_mixes_returns_list" time="0.391" /></testsuite></testsuites>