<?xml version="1.0" encoding="utf-8"?><testsuites name="pytest tests"><testsuite name="pytest" errors="0" failures="0" skipped="0" tests="12" time="4.815" timestamp="2026-03-31T11:58:18.451509+00:00" hostname="agent-env-f1dab359-3755-4539-a204-c79cdfbe80eb"><testcase classname="backend.tests.test_iteration13_playback.TestHealthAndAuth" name="test_health_check" time="0.154" /><testcase classname="backend.tests.test_iteration13_playback.TestHealthAndAuth" name="test_login_success" time="0.322" /><testcase classname="backend.tests.test_iteration13_playback.TestHealthAndAuth" name="test_login_invalid_credentials" time="0.323" /><testcase classname="backend.tests.test_iteration13_playback.TestMixesWithDuration" name="test_get_mixes_returns_duration" time="0.367" /><testcase classname="backend.tests.test_iteration13_playback.TestMixesWithDuration" name="test_mix_has_required_fields" time="0.382" /><testcase classname="backend.tests.test_iteration13_playback.TestSpotifyEndpoints" name="test_spotify_token_returns_connected_status" time="0.370" /><testcase classname="backend.tests.test_iteration13_playback.TestSpotifyEndpoints" name="test_spotify_transfer_validates_device_id" time="0.389" /><testcase classname="backend.tests.test_iteration13_playback.TestSpotifyEndpoints" name="test_spotify_transfer_with_device_id_not_connected" time="0.376" /><testcase classname="backend.tests.test_iteration13_playback.TestSpotifyEndpoints" name="test_spotify_auth_url" time="0.399" /><testcase classname="backend.tests.test_iteration13_playback.TestSpotifyEndpoints" name="test_spotify_search" time="0.914" /><testcase classname="backend.tests.test_iteration13_playback.TestPlaylistsAndClassMode" name="test_get_playlists" time="0.378" /><testcase classname="backend.tests.test_iteration13_playback.TestPlaylistsAndClassMode" name="test_get_class_sessions" time="0.375" /></testsuite></testsuites>