<?xml version="1.0" encoding="utf-8"?><testsuites name="pytest tests"><testsuite name="pytest" errors="0" failures="0" skipped="0" tests="14" time="6.798" timestamp="2026-03-31T17:34:05.656024+00:00" hostname="agent-env-f1dab359-3755-4539-a204-c79cdfbe80eb"><testcase classname="backend.tests.test_iteration17_playlist_fixes.TestHealthAndAuth" name="test_health_endpoint" time="0.278" /><testcase classname="backend.tests.test_iteration17_playlist_fixes.TestHealthAndAuth" name="test_login_success" time="0.408" /><testcase classname="backend.tests.test_iteration17_playlist_fixes.TestHealthAndAuth" name="test_login_invalid_credentials" time="0.116" /><testcase classname="backend.tests.test_iteration17_playlist_fixes.TestPlaylistEndpoints" name="test_get_my_playlists" time="0.494" /><testcase classname="backend.tests.test_iteration17_playlist_fixes.TestPlaylistEndpoints" name="test_get_all_playlists" time="0.428" /><testcase classname="backend.tests.test_iteration17_playlist_fixes.TestPlaylistEndpoints" name="test_get_playlist_detail_no_error" time="0.513" /><testcase classname="backend.tests.test_iteration17_playlist_fixes.TestPlaylistEndpoints" name="test_get_playlist_items" time="0.549" /><testcase classname="backend.tests.test_iteration17_playlist_fixes.TestPlaylistEndpoints" name="test_specific_playlist_cardio_vibes" time="0.577" /><testcase classname="backend.tests.test_iteration17_playlist_fixes.TestSpotifyEndpoints" name="test_spotify_playlists_returns_401_when_not_connected" time="0.407" /><testcase classname="backend.tests.test_iteration17_playlist_fixes.TestSpotifyEndpoints" name="test_spotify_import_returns_401_when_not_connected" time="0.495" /><testcase classname="backend.tests.test_iteration17_playlist_fixes.TestSpotifyEndpoints" name="test_spotify_search_works" time="1.233" /><testcase classname="backend.tests.test_iteration17_playlist_fixes.TestOtherEndpoints" name="test_get_albums" time="0.399" /><testcase classname="backend.tests.test_iteration17_playlist_fixes.TestOtherEndpoints" name="test_get_mixes" time="0.410" /><testcase classname="backend.tests.test_iteration17_playlist_fixes.TestOtherEndpoints" name="test_get_class_sessions" time="0.403" /></testsuite></testsuites>