<?xml version="1.0" encoding="utf-8"?><testsuites name="pytest tests"><testsuite name="pytest" errors="0" failures="0" skipped="0" tests="11" time="4.217" timestamp="2026-03-31T17:48:39.682035+00:00" hostname="agent-env-f1dab359-3755-4539-a204-c79cdfbe80eb"><testcase classname="backend.tests.test_iteration18_playlist_fixes.TestHealthAndAuth" name="test_health_endpoint" time="0.127" /><testcase classname="backend.tests.test_iteration18_playlist_fixes.TestHealthAndAuth" name="test_login_success" time="0.339" /><testcase classname="backend.tests.test_iteration18_playlist_fixes.TestHealthAndAuth" name="test_login_invalid_credentials" time="0.112" /><testcase classname="backend.tests.test_iteration18_playlist_fixes.TestPlaylistEndpoints" name="test_playlists_mine_returns_items_field" time="0.423" /><testcase classname="backend.tests.test_iteration18_playlist_fixes.TestPlaylistEndpoints" name="test_playlist_detail_returns_full_data" time="0.388" /><testcase classname="backend.tests.test_iteration18_playlist_fixes.TestPlaylistEndpoints" name="test_playlist_items_endpoint" time="0.419" /><testcase classname="backend.tests.test_iteration18_playlist_fixes.TestPlaylistEndpoints" name="test_playlist_items_have_album_image" time="0.394" /><testcase classname="backend.tests.test_iteration18_playlist_fixes.TestOtherEndpoints" name="test_albums_endpoint" time="0.392" /><testcase classname="backend.tests.test_iteration18_playlist_fixes.TestOtherEndpoints" name="test_mixes_endpoint" time="0.396" /><testcase classname="backend.tests.test_iteration18_playlist_fixes.TestOtherEndpoints" name="test_class_sessions_endpoint" time="0.405" /><testcase classname="backend.tests.test_iteration18_playlist_fixes.TestOtherEndpoints" name="test_spotify_search" time="0.756" /></testsuite></testsuites>