<?xml version="1.0" encoding="utf-8"?><testsuites name="pytest tests"><testsuite name="pytest" errors="0" failures="0" skipped="0" tests="16" time="4.415" timestamp="2026-03-31T03:36:47.424795+00:00" hostname="agent-env-f1dab359-3755-4539-a204-c79cdfbe80eb"><testcase classname="backend.tests.test_fitbeats_api.TestAuth" name="test_login_success" time="0.427" /><testcase classname="backend.tests.test_fitbeats_api.TestAuth" name="test_login_invalid_credentials" time="0.335" /><testcase classname="backend.tests.test_fitbeats_api.TestAuth" name="test_auth_me_endpoint" time="0.423" /><testcase classname="backend.tests.test_fitbeats_api.TestSpotifySearch" name="test_spotify_search_workout" time="0.732" /><testcase classname="backend.tests.test_fitbeats_api.TestSpotifySearch" name="test_spotify_search_edm" time="0.361" /><testcase classname="backend.tests.test_fitbeats_api.TestSpotifySearch" name="test_spotify_search_cardio" time="0.623" /><testcase classname="backend.tests.test_fitbeats_api.TestSpotifySearch" name="test_spotify_search_requires_auth" time="0.117" /><testcase classname="backend.tests.test_fitbeats_api.TestMixesAndAlbums" name="test_get_albums" time="0.050" /><testcase classname="backend.tests.test_fitbeats_api.TestMixesAndAlbums" name="test_get_mixes" time="0.049" /><testcase classname="backend.tests.test_fitbeats_api.TestMixesAndAlbums" name="test_search_mixes" time="0.049" /><testcase classname="backend.tests.test_fitbeats_api.TestPlaylistCRUD" name="test_create_playlist" time="0.155" /><testcase classname="backend.tests.test_fitbeats_api.TestPlaylistCRUD" name="test_get_my_playlists" time="0.050" /><testcase classname="backend.tests.test_fitbeats_api.TestPlaylistItems" name="test_add_spotify_track_to_playlist" time="0.483" /><testcase classname="backend.tests.test_fitbeats_api.TestPlaylistItems" name="test_add_local_mix_to_playlist" time="0.108" /><testcase classname="backend.tests.test_fitbeats_api.TestPlaylistItems" name="test_get_playlist_items_enriched" time="0.147" /><testcase classname="backend.tests.test_fitbeats_api.TestPlaylistItems" name="test_remove_item_from_playlist" time="0.206" /></testsuite></testsuites>