<?xml version="1.0" encoding="utf-8"?><testsuites name="pytest tests"><testsuite name="pytest" errors="0" failures="0" skipped="1" tests="12" time="4.471" timestamp="2026-03-31T17:59:31.546117+00:00" hostname="agent-env-f1dab359-3755-4539-a204-c79cdfbe80eb"><testcase classname="backend.tests.test_iteration19_duplicate_prevention.TestHealthAndAuth" name="test_health_check" time="0.157" /><testcase classname="backend.tests.test_iteration19_duplicate_prevention.TestHealthAndAuth" name="test_login_success" time="0.342" /><testcase classname="backend.tests.test_iteration19_duplicate_prevention.TestHealthAndAuth" name="test_login_invalid_credentials" time="0.130" /><testcase classname="backend.tests.test_iteration19_duplicate_prevention.TestSpotifyPlayEndpoint" name="test_spotify_play_returns_401_for_unconnected_user" time="0.382" /><testcase classname="backend.tests.test_iteration19_duplicate_prevention.TestSpotifyPlayEndpoint" name="test_spotify_play_requires_uri" time="0.444" /><testcase classname="backend.tests.test_iteration19_duplicate_prevention.TestSpotifyTransferEndpoint" name="test_spotify_transfer_returns_401_for_unconnected_user" time="0.409" /><testcase classname="backend.tests.test_iteration19_duplicate_prevention.TestSpotifyTransferEndpoint" name="test_spotify_transfer_requires_device_id" time="0.374" /><testcase classname="backend.tests.test_iteration19_duplicate_prevention.TestPlaylistsNoDuplicates" name="test_playlists_mine_returns_list" time="0.413" /><testcase classname="backend.tests.test_iteration19_duplicate_prevention.TestPlaylistsNoDuplicates" name="test_playlists_mine_no_duplicates" time="0.432" /><testcase classname="backend.tests.test_iteration19_duplicate_prevention.TestPlaylistsNoDuplicates" name="test_playlist_detail_returns_data" time="0.478" /><testcase classname="backend.tests.test_iteration19_duplicate_prevention.TestPlaylistsNoDuplicates" name="test_playlist_items_returns_enriched_data" time="0.437" /><testcase classname="backend.tests.test_iteration19_duplicate_prevention.TestSpotifyImportDuplicatePrevention" name="test_import_returns_existing_playlist_if_already_imported" time="0.385"><skipped type="pytest.skip" message="No imported Spotify playlists to test duplicate prevention">/app/backend/tests/test_iteration19_duplicate_prevention.py:274: No imported Spotify playlists to test duplicate prevention</skipped></testcase></testsuite></testsuites>